{"level":"error","message":"Me estoy quedando en !user de passportCall"}
{"level":"error","message":"Me estoy quedando en !user de passportCall"}
{"level":"error","message":"Me estoy quedando en !user de passportCall"}
{"level":"error","message":"Me estoy quedando en !user de passportCall"}
{"level":"error","message":"Me estoy quedando en !user de passportCall"}
{"level":"error","message":"Me estoy quedando en !user de passportCall"}
{"level":"error","message":"Me estoy quedando en !user de passportCall"}
{"level":"error","message":"Me estoy quedando en !user de passportCall"}
{"level":"error","message":"Me estoy quedando en !user de passportCall"}
{"level":"error","message":"Me estoy quedando en !user de passportCall"}
{"level":"error","message":"Me estoy quedando en !user de passportCall"}
{"level":"error","message":"Me estoy quedando en !user de passportCall"}
{"level":"error","message":"Me estoy quedando en !user de passportCall"}
{"level":"error","message":"Me estoy quedando en !user de passportCall"}
{"level":"error","message":"Me estoy quedando en !user de passportCall"}
{"level":"error","message":"Me estoy quedando en !user de passportCall"}
{"level":"error","message":"Me estoy quedando en !user de passportCall"}
{"level":"error","message":"Me estoy quedando en !user de passportCall"}
{"level":"error","message":"Me estoy quedando en !user de passportCall"}
{"level":"error","message":"Me estoy quedando en !user de passportCall"}
{"level":"error","message":"Me estoy quedando en !user de passportCall"}
{"level":"error","message":"Me estoy quedando en !user de passportCall"}
{"level":"error","message":"Me estoy quedando en !user de passportCall"}
{"level":"error","message":"Me estoy quedando en !user de passportCall"}
{"level":"error","message":"Me estoy quedando en !user de passportCall"}
{"level":"error","message":"Me estoy quedando en !user de passportCall"}
{"level":"error","message":"Me estoy quedando en !user de passportCall"}
{"level":"error","message":"Me estoy quedando en !user de passportCall"}
{"level":"error"}
{"level":"error","message":"Time expired"}
{"level":"error","message":"Me estoy quedando en !user de passportCall"}
{"level":"error","message":"Me estoy quedando en !user de passportCall"}
{"level":"error","message":"Me estoy quedando en !user de passportCall"}
{"level":"error","message":"Me estoy quedando en !user de passportCall"}
{"level":"error"}
{"level":"error"}
{"level":"error"}
{"level":"error"}
{"level":"error","message":"Me estoy quedando en !user de passportCall"}
{"level":"error","message":"Me estoy quedando en !user de passportCall"}
{"level":"error","message":"Me estoy quedando en !user de passportCall"}
{"level":"error","message":"Me estoy quedando en !user de passportCall"}
{"level":"error","message":"Me estoy quedando en !user de passportCall"}
{"level":"error","message":"Me estoy quedando en !user de passportCall"}
{"level":"error","message":"Me estoy quedando en !user de passportCall"}
{"level":"error","message":"Me estoy quedando en !user de passportCall"}
{"level":"error","message":"Me estoy quedando en !user de passportCall"}
{"level":"error","message":"Me estoy quedando en !user de passportCall"}
{"level":"error"}
{"level":"error"}
{"level":"error"}
{"level":"error"}
{"level":"error"}
{"level":"error"}
{"level":"error","message":"Me estoy quedando en !user de passportCall"}
{"level":"error","message":"Me estoy quedando en !user de passportCall"}
{"level":"error","message":"Me estoy quedando en !user de passportCall"}
{"level":"error","message":"Me estoy quedando en !user de passportCall"}
{"level":"error","message":"Me estoy quedando en !user de passportCall"}
{"level":"error","message":"Me estoy quedando en !user de passportCall"}
{"level":"error"}
{"level":"error","message":"Me estoy quedando en !user de passportCall"}
{"level":"error","message":"Me estoy quedando en !user de passportCall"}
{"level":"error","message":"Me estoy quedando en !user de passportCall"}
{"level":"fatal","message":"Prueba de logger nivel fatal en endpoint"}
{"level":"error","message":"Prueba de logger nivel error en endpoint"}
{"level":"error","message":"User doesn't exist: 4@gmail.com"}
{"level":"error","message":"Me estoy quedando en !user de passportCall"}
{"level":"error","message":"Me estoy quedando en !user de passportCall"}
{"level":"error","message":"Me estoy quedando en !user de passportCall"}
{"level":"error","message":"Me estoy quedando en !user de passportCall"}
{"level":"error","message":"Me estoy quedando en !user de passportCall"}
{"level":"error","message":"Me estoy quedando en !user de passportCall"}
{"level":"error","message":"Me estoy quedando en !user de passportCall"}
{"level":"error","message":"Me estoy quedando en !user de passportCall"}
{"level":"error","message":"Me estoy quedando en !user de passportCall"}
{"level":"error","message":"El usuario ya existe"}
{"code":11000,"index":0,"keyPattern":{"email":1},"keyValue":{"email":"test@gmail.com"},"level":"error"}
{"level":"error","message":"Me estoy quedando en !user de passportCall"}
{"level":"error","message":"Me estoy quedando en !user de passportCall"}
{"level":"error","message":"Me estoy quedando en !user de passportCall"}
{"level":"error","message":"El usuario ya existe"}
{"code":11000,"index":0,"keyPattern":{"email":1},"keyValue":{"email":"test@gmail.com"},"level":"error"}
{"level":"error","message":"Me estoy quedando en !user de passportCall"}
{"level":"error","message":"El usuario ya existe"}
{"code":11000,"index":0,"keyPattern":{"email":1},"keyValue":{"email":"test@gmail.com"},"level":"error"}
{"level":"error","message":"Me estoy quedando en !user de passportCall"}
{"level":"error","message":"El usuario ya existe"}
{"code":11000,"index":0,"keyPattern":{"email":1},"keyValue":{"email":"test@gmail.com"},"level":"error"}
{"level":"error","message":"Me estoy quedando en !user de passportCall"}
{"level":"error","message":"El usuario ya existe"}
{"code":11000,"index":0,"keyPattern":{"email":1},"keyValue":{"email":"test@gmail.com"},"level":"error"}
{"level":"error","message":"Me estoy quedando en !user de passportCall"}
{"level":"error","message":"El usuario ya existe"}
{"code":11000,"index":0,"keyPattern":{"email":1},"keyValue":{"email":"test@gmail.com"},"level":"error"}
{"level":"error","message":"Me estoy quedando en !user de passportCall"}
{"level":"error","message":"El usuario ya existe"}
{"code":11000,"index":0,"keyPattern":{"email":1},"keyValue":{"email":"test@gmail.com"},"level":"error"}
{"level":"error","message":"Me estoy quedando en !user de passportCall"}
{"level":"error","message":"El usuario ya existe"}
{"code":11000,"index":0,"keyPattern":{"email":1},"keyValue":{"email":"test@gmail.com"},"level":"error"}
{"level":"error","message":"Me estoy quedando en !user de passportCall"}
{"level":"error","message":"User doesn't exist: 4@gmail.com"}
{"level":"error","message":"Invalid credentials for user: test@gmail.com"}
{"level":"error","message":"El usuario ya existe"}
{"code":11000,"index":0,"keyPattern":{"email":1},"keyValue":{"email":"test@gmail.com"},"level":"error"}
{"level":"error","message":"Me estoy quedando en !user de passportCall"}
{"level":"error","message":"Me estoy quedando en !user de passportCall"}
{"level":"error","message":"El usuario ya existe"}
{"code":11000,"index":0,"keyPattern":{"email":1},"keyValue":{"email":"test@gmail.com"},"level":"error"}
{"level":"error","message":"Me estoy quedando en !user de passportCall"}
{"level":"error","message":"Me estoy quedando en !user de passportCall"}
{"level":"error","message":"El usuario ya existe"}
{"code":11000,"index":0,"keyPattern":{"email":1},"keyValue":{"email":"test@gmail.com"},"level":"error"}
{"level":"error","message":"El usuario ya existe"}
{"code":11000,"index":0,"keyPattern":{"email":1},"keyValue":{"email":"test@gmail.com"},"level":"error"}
{"level":"error","message":"Me estoy quedando en !user de passportCall"}
{"level":"error","message":"Me estoy quedando en !user de passportCall"}
{"level":"error","message":"El usuario ya existe"}
{"code":11000,"index":0,"keyPattern":{"email":1},"keyValue":{"email":"test@gmail.com"},"level":"error"}
{"level":"error","message":"Me estoy quedando en !user de passportCall"}
{"level":"error","message":"Me estoy quedando en !user de passportCall"}
{"level":"error","message":"Me estoy quedando en !user de passportCall"}
{"level":"error","message":"Me estoy quedando en !user de passportCall"}
{"level":"error","message":"Me estoy quedando en !user de passportCall"}
{"level":"error","message":"Me estoy quedando en !user de passportCall"}
{"level":"error"}
{"level":"error"}
{"level":"error"}
{"level":"error","message":"El usuario ya existe"}
{"code":11000,"index":0,"keyPattern":{"email":1},"keyValue":{"email":"testRegister@gmail.com"},"level":"error"}
{"level":"error"}
{"level":"error"}
{"level":"error","message":"El usuario ya existe"}
{"code":11000,"index":0,"keyPattern":{"email":1},"keyValue":{"email":"testRegister@gmail.com"},"level":"error"}
{"level":"error","message":"El usuario ya existe"}
{"code":11000,"index":0,"keyPattern":{"email":1},"keyValue":{"email":"test@gmail.com"},"level":"error"}
{"level":"error","message":"El usuario ya existe"}
{"code":11000,"index":0,"keyPattern":{"email":1},"keyValue":{"email":"test@gmail.com"},"level":"error"}
{"level":"error","message":"El usuario ya existe"}
{"code":11000,"index":0,"keyPattern":{"email":1},"keyValue":{"email":"test@gmail.com"},"level":"error"}
{"level":"error","message":"El usuario ya existe"}
{"code":11000,"index":0,"keyPattern":{"email":1},"keyValue":{"email":"test@gmail.com"},"level":"error"}
{"level":"error","message":"User doesn't exist: test@gmail.com"}
{"level":"error","message":"Me estoy quedando en !user de passportCall"}
{"level":"error","message":"Me estoy quedando en !user de passportCall"}
{"level":"error","message":"Me estoy quedando en !user de passportCall"}
{"level":"error","message":"El usuario ya existe"}
{"code":11000,"index":0,"keyPattern":{"email":1},"keyValue":{"email":"testProducts@gmail.com"},"level":"error"}
{"level":"error"}
{"level":"error"}
{"level":"error"}
{"level":"error"}
{"level":"error"}
{"level":"error"}
{"level":"error"}
{"level":"error"}
{"level":"error"}
{"level":"error"}
{"level":"error"}
{"level":"error","message":"Me estoy quedando en !user de passportCall"}
{"level":"error"}
{"level":"error","message":"Me estoy quedando en !user de passportCall"}
{"level":"error"}
{"level":"error"}
{"level":"error"}
{"level":"error"}
{"level":"error"}
{"level":"error"}
{"level":"error"}
{"level":"error"}
{"level":"error"}
{"level":"error"}
{"level":"error"}
{"level":"error"}
{"level":"error"}
{"level":"error"}
{"level":"error"}
{"level":"error"}
{"level":"error"}
{"level":"error"}
{"level":"error"}
{"level":"error"}
{"level":"error","message":"El usuario ya existe"}
{"code":11000,"index":0,"keyPattern":{"email":1},"keyValue":{"email":"test@gmail.com"},"level":"error"}
{"level":"error","message":"El usuario ya existe"}
{"code":11000,"index":0,"keyPattern":{"email":1},"keyValue":{"email":"testUser@gmail.com"},"level":"error"}
{"level":"error","message":"El usuario ya existe"}
{"code":11000,"index":0,"keyPattern":{"email":1},"keyValue":{"email":"testUser@gmail.com"},"level":"error"}
{"level":"error","message":"El usuario ya existe"}
{"code":11000,"index":0,"keyPattern":{"email":1},"keyValue":{"email":"testUser@gmail.com"},"level":"error"}
{"level":"error","message":"El usuario ya existe"}
{"code":11000,"index":0,"keyPattern":{"email":1},"keyValue":{"email":"testUser@gmail.com"},"level":"error"}
{"level":"error","message":"El usuario ya existe"}
{"code":11000,"index":0,"keyPattern":{"email":1},"keyValue":{"email":"testUser@gmail.com"},"level":"error"}
{"level":"error","message":"El usuario ya existe"}
{"code":11000,"index":0,"keyPattern":{"email":1},"keyValue":{"email":"testUser@gmail.com"},"level":"error"}
{"level":"error","message":"El usuario ya existe"}
{"code":11000,"index":0,"keyPattern":{"email":1},"keyValue":{"email":"testUser@gmail.com"},"level":"error"}
{"level":"error","message":"El usuario ya existe"}
{"code":11000,"index":0,"keyPattern":{"email":1},"keyValue":{"email":"testUser@gmail.com"},"level":"error"}
{"level":"error","message":"El usuario ya existe"}
{"code":11000,"index":0,"keyPattern":{"email":1},"keyValue":{"email":"testUser@gmail.com"},"level":"error"}
{"level":"error","message":"El usuario ya existe"}
{"code":11000,"index":0,"keyPattern":{"email":1},"keyValue":{"email":"testUser@gmail.com"},"level":"error"}
{"level":"error","message":"El usuario ya existe"}
{"code":11000,"index":0,"keyPattern":{"email":1},"keyValue":{"email":"testUser@gmail.com"},"level":"error"}
{"level":"error","message":"El usuario ya existe"}
{"code":11000,"index":0,"keyPattern":{"email":1},"keyValue":{"email":"testUser@gmail.com"},"level":"error"}
{"level":"error","message":"El usuario ya existe"}
{"code":11000,"index":0,"keyPattern":{"email":1},"keyValue":{"email":"testCart@gmail.com"},"level":"error"}
{"level":"error","message":"El usuario ya existe"}
{"code":11000,"index":0,"keyPattern":{"email":1},"keyValue":{"email":"testCart@gmail.com"},"level":"error"}
{"level":"error","message":"El usuario ya existe"}
{"code":11000,"index":0,"keyPattern":{"email":1},"keyValue":{"email":"testCart@gmail.com"},"level":"error"}
{"level":"error","message":"El usuario ya existe"}
{"code":11000,"index":0,"keyPattern":{"email":1},"keyValue":{"email":"testCart@gmail.com"},"level":"error"}
{"level":"error","message":"El usuario ya existe"}
{"code":11000,"index":0,"keyPattern":{"email":1},"keyValue":{"email":"testCart@gmail.com"},"level":"error"}
{"level":"error","message":"El usuario ya existe"}
{"code":11000,"index":0,"keyPattern":{"email":1},"keyValue":{"email":"testCart@gmail.com"},"level":"error"}
{"level":"error","message":"El usuario ya existe"}
{"code":11000,"index":0,"keyPattern":{"email":1},"keyValue":{"email":"testCart@gmail.com"},"level":"error"}
{"level":"error","message":"El usuario ya existe"}
{"code":11000,"index":0,"keyPattern":{"email":1},"keyValue":{"email":"testCart@gmail.com"},"level":"error"}
{"level":"error","message":"El usuario ya existe"}
{"code":11000,"index":0,"keyPattern":{"email":1},"keyValue":{"email":"testCart@gmail.com"},"level":"error"}
{"level":"error","message":"El usuario ya existe"}
{"code":11000,"index":0,"keyPattern":{"email":1},"keyValue":{"email":"testCart@gmail.com"},"level":"error"}
{"level":"error","message":"El usuario ya existe"}
{"code":11000,"index":0,"keyPattern":{"email":1},"keyValue":{"email":"testCart@gmail.com"},"level":"error"}
{"level":"error","message":"El usuario ya existe"}
{"code":11000,"index":0,"keyPattern":{"email":1},"keyValue":{"email":"testCart@gmail.com"},"level":"error"}
{"level":"error","message":"Me estoy quedando en !user de passportCall"}
{"level":"error","message":"El usuario ya existe"}
{"code":11000,"index":0,"keyPattern":{"email":1},"keyValue":{"email":"testCart@gmail.com"},"level":"error"}
{"level":"error","message":"El usuario ya existe"}
{"code":11000,"index":0,"keyPattern":{"email":1},"keyValue":{"email":"testCart@gmail.com"},"level":"error"}
{"level":"error","message":"El usuario ya existe"}
{"code":11000,"index":0,"keyPattern":{"email":1},"keyValue":{"email":"testCart@gmail.com"},"level":"error"}
{"level":"error","message":"El usuario ya existe"}
{"code":11000,"index":0,"keyPattern":{"email":1},"keyValue":{"email":"testCart@gmail.com"},"level":"error"}
{"level":"error","message":"El usuario ya existe"}
{"code":11000,"index":0,"keyPattern":{"email":1},"keyValue":{"email":"testCart@gmail.com"},"level":"error"}
{"level":"error","message":"El usuario ya existe"}
{"code":11000,"index":0,"keyPattern":{"email":1},"keyValue":{"email":"testCart@gmail.com"},"level":"error"}
{"level":"error","message":"El usuario ya existe"}
{"code":11000,"index":0,"keyPattern":{"email":1},"keyValue":{"email":"testCart@gmail.com"},"level":"error"}
{"level":"error"}
{"level":"error","message":"El usuario ya existe"}
{"code":11000,"index":0,"keyPattern":{"email":1},"keyValue":{"email":"testCart@gmail.com"},"level":"error"}
{"level":"error"}
{"level":"error","message":"El usuario ya existe"}
{"code":11000,"index":0,"keyPattern":{"email":1},"keyValue":{"email":"testProducts@gmail.com"},"level":"error"}
{"level":"error"}
{"level":"error","message":"El usuario ya existe"}
{"code":11000,"index":0,"keyPattern":{"email":1},"keyValue":{"email":"testProducts@gmail.com"},"level":"error"}
{"level":"error"}
{"level":"error","message":"El usuario ya existe"}
{"code":11000,"index":0,"keyPattern":{"email":1},"keyValue":{"email":"testProducts@gmail.com"},"level":"error"}
{"level":"error","message":"El usuario ya existe"}
{"code":11000,"index":0,"keyPattern":{"email":1},"keyValue":{"email":"testProducts@gmail.com"},"level":"error"}
{"level":"error"}
{"level":"error"}
{"level":"error","message":"El usuario ya existe"}
{"code":11000,"index":0,"keyPattern":{"email":1},"keyValue":{"email":"testUser@gmail.com"},"level":"error"}
{"level":"error","message":"El usuario ya existe"}
{"code":11000,"index":0,"keyPattern":{"email":1},"keyValue":{"email":"testUser@gmail.com"},"level":"error"}
{"level":"error","message":"El usuario ya existe"}
{"code":11000,"index":0,"keyPattern":{"email":1},"keyValue":{"email":"testUser@gmail.com"},"level":"error"}
{"level":"error","message":"El usuario ya existe"}
{"code":11000,"index":0,"keyPattern":{"email":1},"keyValue":{"email":"testUser@gmail.com"},"level":"error"}
{"level":"error","message":"El usuario ya existe"}
{"code":11000,"index":0,"keyPattern":{"email":1},"keyValue":{"email":"testUser@gmail.com"},"level":"error"}
{"level":"error","message":"El usuario ya existe"}
{"code":11000,"index":0,"keyPattern":{"email":1},"keyValue":{"email":"testUser@gmail.com"},"level":"error"}
{"level":"error","message":"El usuario ya existe"}
{"code":11000,"index":0,"keyPattern":{"email":1},"keyValue":{"email":"testUser@gmail.com"},"level":"error"}
{"level":"error","message":"El usuario ya existe"}
{"code":11000,"index":0,"keyPattern":{"email":1},"keyValue":{"email":"testUser@gmail.com"},"level":"error"}
{"level":"error","message":"El usuario ya existe"}
{"code":11000,"index":0,"keyPattern":{"email":1},"keyValue":{"email":"testUser@gmail.com"},"level":"error"}
{"level":"error","message":"El usuario ya existe"}
{"code":11000,"index":0,"keyPattern":{"email":1},"keyValue":{"email":"testUser@gmail.com"},"level":"error"}
{"level":"error","message":"El usuario ya existe"}
{"code":11000,"index":0,"keyPattern":{"email":1},"keyValue":{"email":"testUser@gmail.com"},"level":"error"}
{"level":"error","message":"El usuario ya existe"}
{"code":11000,"index":0,"keyPattern":{"email":1},"keyValue":{"email":"testUser@gmail.com"},"level":"error"}
{"level":"error","message":"El usuario ya existe"}
{"code":11000,"index":0,"keyPattern":{"email":1},"keyValue":{"email":"testUser@gmail.com"},"level":"error"}
{"level":"error","message":"El usuario ya existe"}
{"code":11000,"index":0,"keyPattern":{"email":1},"keyValue":{"email":"testUser@gmail.com"},"level":"error"}
{"level":"error","message":"El usuario ya existe"}
{"code":11000,"index":0,"keyPattern":{"email":1},"keyValue":{"email":"testUser@gmail.com"},"level":"error"}
{"level":"error","message":"El usuario ya existe"}
{"code":11000,"index":0,"keyPattern":{"email":1},"keyValue":{"email":"testUser@gmail.com"},"level":"error"}
{"level":"error","message":"El usuario ya existe"}
{"code":11000,"index":0,"keyPattern":{"email":1},"keyValue":{"email":"testUser@gmail.com"},"level":"error"}
{"level":"error","message":"El usuario ya existe"}
{"code":11000,"index":0,"keyPattern":{"email":1},"keyValue":{"email":"testUser@gmail.com"},"level":"error"}
{"level":"error","message":"El usuario ya existe"}
{"code":11000,"index":0,"keyPattern":{"email":1},"keyValue":{"email":"testUser@gmail.com"},"level":"error"}
{"level":"error","message":"El usuario ya existe"}
{"code":11000,"index":0,"keyPattern":{"email":1},"keyValue":{"email":"testUser@gmail.com"},"level":"error"}
{"level":"error","message":"El usuario ya existe"}
{"code":11000,"index":0,"keyPattern":{"email":1},"keyValue":{"email":"testUser@gmail.com"},"level":"error"}
{"level":"error","message":"El usuario ya existe"}
{"code":11000,"index":0,"keyPattern":{"email":1},"keyValue":{"email":"testUser@gmail.com"},"level":"error"}
{"level":"error","message":"El usuario ya existe"}
{"code":11000,"index":0,"keyPattern":{"email":1},"keyValue":{"email":"testUser@gmail.com"},"level":"error"}
{"level":"error","message":"El usuario ya existe"}
{"code":11000,"index":0,"keyPattern":{"email":1},"keyValue":{"email":"testUser@gmail.com"},"level":"error"}
